  [4;36;1mSQL (0.8ms)[0m   [0;1m SELECT name
 FROM sqlite_master
 WHERE type = 'table' AND NOT name = 'sqlite_sequence'
[0m
  [4;35;1mSQL (0.2ms)[0m   [0mselect sqlite_version(*)[0m
  [4;36;1mSQL (1.9ms)[0m   [0;1mCREATE TABLE "schema_migrations" ("version" varchar(255) NOT NULL) [0m
  [4;35;1mSQL (1.7ms)[0m   [0mCREATE UNIQUE INDEX "unique_schema_migrations" ON "schema_migrations" ("version")[0m
  [4;36;1mSQL (0.2ms)[0m   [0;1m SELECT name
 FROM sqlite_master
 WHERE type = 'table' AND NOT name = 'sqlite_sequence'
[0m
  [4;35;1mSQL (0.1ms)[0m   [0mSELECT version FROM schema_migrations[0m
Migrating to CreateUsers (20090823153745)
  [4;36;1mSQL (0.7ms)[0m   [0;1mCREATE TABLE "users" ("id" INTEGER PRIMARY KEY AUTOINCREMENT NOT NULL, "email" varchar(255), "persistence_token" varchar(255), "crypted_password" varchar(255), "password_salt" varchar(255), "created_at" datetime, "updated_at" datetime) [0m
  [4;35;1mSQL (0.1ms)[0m   [0mINSERT INTO schema_migrations (version) VALUES ('20090823153745')[0m
  [4;36;1mSQL (0.4ms)[0m   [0;1m SELECT name
 FROM sqlite_master
 WHERE type = 'table' AND NOT name = 'sqlite_sequence'
[0m
  [4;35;1mSQL (0.2ms)[0m   [0mSELECT version FROM schema_migrations[0m
  [4;36;1mSQL (0.2ms)[0m   [0;1m SELECT name
 FROM sqlite_master
 WHERE type = 'table' AND NOT name = 'sqlite_sequence'
[0m
  [4;35;1mSQL (0.1ms)[0m   [0mPRAGMA index_list("users")[0m
  [4;36;1mSQL (0.9ms)[0m   [0;1m SELECT name
 FROM sqlite_master
 WHERE type = 'table' AND NOT name = 'sqlite_sequence'
[0m
  [4;35;1mSQL (0.2ms)[0m   [0mSELECT version FROM schema_migrations[0m
Migrating to CreateUsers (20090823153745)
Migrating to CreateInfos (20090823153825)
  [4;36;1mSQL (0.1ms)[0m   [0;1mselect sqlite_version(*)[0m
  [4;35;1mSQL (0.8ms)[0m   [0mCREATE TABLE "infos" ("id" INTEGER PRIMARY KEY AUTOINCREMENT NOT NULL, "title" varchar(255), "body" text, "created_at" datetime, "updated_at" datetime) [0m
  [4;36;1mSQL (0.2ms)[0m   [0;1mINSERT INTO schema_migrations (version) VALUES ('20090823153825')[0m
  [4;35;1mSQL (0.4ms)[0m   [0m SELECT name
 FROM sqlite_master
 WHERE type = 'table' AND NOT name = 'sqlite_sequence'
[0m
  [4;36;1mSQL (0.2ms)[0m   [0;1mSELECT version FROM schema_migrations[0m
  [4;35;1mSQL (0.2ms)[0m   [0m SELECT name
 FROM sqlite_master
 WHERE type = 'table' AND NOT name = 'sqlite_sequence'
[0m
  [4;36;1mSQL (0.1ms)[0m   [0;1mPRAGMA index_list("infos")[0m
  [4;35;1mSQL (0.0ms)[0m   [0mPRAGMA index_list("users")[0m
  [4;36;1mSQL (0.9ms)[0m   [0;1m SELECT name
 FROM sqlite_master
 WHERE type = 'table' AND NOT name = 'sqlite_sequence'
[0m
  [4;35;1mSQL (0.2ms)[0m   [0mSELECT version FROM schema_migrations[0m
Migrating to CreateUsers (20090823153745)
Migrating to CreateInfos (20090823153825)
Migrating to AdminUser (20090823161418)
  [4;36;1mSQL (0.1ms)[0m   [0;1mselect sqlite_version(*)[0m
  [4;35;1mSQL (0.9ms)[0m   [0mALTER TABLE "users" ADD "is_admin" boolean[0m
  [4;36;1mSQL (0.2ms)[0m   [0;1mINSERT INTO schema_migrations (version) VALUES ('20090823161418')[0m
  [4;35;1mSQL (0.4ms)[0m   [0m SELECT name
 FROM sqlite_master
 WHERE type = 'table' AND NOT name = 'sqlite_sequence'
[0m
  [4;36;1mSQL (0.2ms)[0m   [0;1mSELECT version FROM schema_migrations[0m
  [4;35;1mSQL (0.2ms)[0m   [0m SELECT name
 FROM sqlite_master
 WHERE type = 'table' AND NOT name = 'sqlite_sequence'
[0m
  [4;36;1mSQL (0.1ms)[0m   [0;1mPRAGMA index_list("infos")[0m
  [4;35;1mSQL (0.1ms)[0m   [0mPRAGMA index_list("users")[0m
  [4;36;1mUser Load (0.4ms)[0m   [0;1mSELECT * FROM "users" LIMIT 1[0m
  [4;35;1mUser Update (0.7ms)[0m   [0mUPDATE "users" SET "updated_at" = '2009-08-23 16:27:57', "is_admin" = 't' WHERE "id" = 1[0m


Processing UserSessionsController#create (for 127.0.0.1 at 2009-08-23 12:37:49) [POST]
  Parameters: {"commit"=>"Log in", "user_session"=>{"password"=>"[FILTERED]", "email"=>"lisa@linowes.com"}, "action"=>"create", "authenticity_token"=>"FZDVLjIRnMnveY8Rqd7/J9loo+HMPDqoW/fk3uxaEow=", "controller"=>"user_sessions"}

ActionController::InvalidAuthenticityToken (ActionController::InvalidAuthenticityToken):
  

Rendered rescues/_trace (142.7ms)
Rendered rescues/_request_and_response (1.8ms)
Rendering rescues/layout (unprocessable_entity)


Processing InfosController#welcome (for 127.0.0.1 at 2009-08-23 12:38:09) [GET]
  Parameters: {"action"=>"welcome", "controller"=>"infos"}
Rendering template within layouts/application
Rendering infos/welcome
Completed in 30ms (View: 27, DB: 0) | 200 OK [http://localhost/]


Processing UserSessionsController#new (for 127.0.0.1 at 2009-08-23 12:38:12) [GET]
  Parameters: {"action"=>"new", "controller"=>"user_sessions"}
Rendering template within layouts/application
Rendering user_sessions/new
Completed in 26ms (View: 10, DB: 0) | 200 OK [http://localhost/login]


Processing UserSessionsController#create (for 127.0.0.1 at 2009-08-23 12:38:21) [POST]
  Parameters: {"commit"=>"Log in", "user_session"=>{"password"=>"[FILTERED]", "email"=>"lisa@linowes.com"}, "action"=>"create", "authenticity_token"=>"MsVsiNhT70Cy+BScJzrcSVq9mygcKk2ceCAJjPtXLPg=", "controller"=>"user_sessions"}
  [4;36;1mUser Load (0.3ms)[0m   [0;1mSELECT * FROM "users" WHERE (LOWER("users".email) = 'lisa@linowes.com') LIMIT 1[0m
Rendering template within layouts/application
Rendering user_sessions/new
Completed in 267ms (View: 5, DB: 0) | 200 OK [http://localhost/user_sessions]


Processing UserSessionsController#create (for 127.0.0.1 at 2009-08-23 12:39:01) [POST]
  Parameters: {"commit"=>"Log in", "user_session"=>{"password"=>"[FILTERED]", "email"=>"lisa@linowes.com"}, "action"=>"create", "authenticity_token"=>"MsVsiNhT70Cy+BScJzrcSVq9mygcKk2ceCAJjPtXLPg=", "controller"=>"user_sessions"}
  [4;36;1mUser Load (0.3ms)[0m   [0;1mSELECT * FROM "users" WHERE (LOWER("users".email) = 'lisa@linowes.com') LIMIT 1[0m
Rendering template within layouts/application
Rendering user_sessions/new
Completed in 237ms (View: 15, DB: 0) | 200 OK [http://localhost/user_sessions]


Processing UserSessionsController#create (for 127.0.0.1 at 2009-08-23 12:39:19) [POST]
  Parameters: {"commit"=>"Log in", "user_session"=>{"password"=>"[FILTERED]", "email"=>"lisa@linowes.com"}, "action"=>"create", "authenticity_token"=>"MsVsiNhT70Cy+BScJzrcSVq9mygcKk2ceCAJjPtXLPg=", "controller"=>"user_sessions"}
  [4;35;1mUser Load (0.3ms)[0m   [0mSELECT * FROM "users" WHERE (LOWER("users".email) = 'lisa@linowes.com') LIMIT 1[0m
Rendering template within layouts/application
Rendering user_sessions/new
Completed in 28ms (View: 5, DB: 0) | 200 OK [http://localhost/user_sessions]


Processing UserSessionsController#create (for 127.0.0.1 at 2009-08-23 12:39:29) [POST]
  Parameters: {"commit"=>"Log in", "user_session"=>{"password"=>"[FILTERED]", "email"=>"lisa@linowes.com"}, "action"=>"create", "authenticity_token"=>"MsVsiNhT70Cy+BScJzrcSVq9mygcKk2ceCAJjPtXLPg=", "controller"=>"user_sessions"}
  [4;36;1mUser Load (0.3ms)[0m   [0;1mSELECT * FROM "users" WHERE (LOWER("users".email) = 'lisa@linowes.com') LIMIT 1[0m
Rendering template within layouts/application
Rendering user_sessions/new
Completed in 239ms (View: 15, DB: 0) | 200 OK [http://localhost/user_sessions]


Processing UserSessionsController#create (for 127.0.0.1 at 2009-08-23 12:41:19) [POST]
  Parameters: {"commit"=>"Log in", "user_session"=>{"password"=>"[FILTERED]", "email"=>"lisa@linowes.com"}, "action"=>"create", "authenticity_token"=>"MsVsiNhT70Cy+BScJzrcSVq9mygcKk2ceCAJjPtXLPg=", "controller"=>"user_sessions"}
  [4;35;1mUser Load (0.3ms)[0m   [0mSELECT * FROM "users" WHERE (LOWER("users".email) = 'lisa@linowes.com') LIMIT 1[0m
Rendering template within layouts/application
Rendering user_sessions/new
Completed in 26ms (View: 5, DB: 0) | 200 OK [http://localhost/user_sessions]


Processing UserSessionsController#create (for 127.0.0.1 at 2009-08-23 12:41:36) [POST]
  Parameters: {"commit"=>"Log in", "user_session"=>{"password"=>"[FILTERED]", "email"=>"lisa@linowes.com"}, "action"=>"create", "authenticity_token"=>"MsVsiNhT70Cy+BScJzrcSVq9mygcKk2ceCAJjPtXLPg=", "controller"=>"user_sessions"}
  [4;36;1mUser Load (0.4ms)[0m   [0;1mSELECT * FROM "users" WHERE (LOWER("users".email) = 'lisa@linowes.com') LIMIT 1[0m
Rendering template within layouts/application
Rendering user_sessions/new
Completed in 239ms (View: 15, DB: 0) | 200 OK [http://localhost/user_sessions]


Processing UserSessionsController#create (for 127.0.0.1 at 2009-08-23 12:43:13) [POST]
  Parameters: {"commit"=>"Log in", "user_session"=>{"password"=>"[FILTERED]", "email"=>"lisa@linowes.com"}, "action"=>"create", "authenticity_token"=>"MsVsiNhT70Cy+BScJzrcSVq9mygcKk2ceCAJjPtXLPg=", "controller"=>"user_sessions"}
  [4;36;1mUser Load (0.3ms)[0m   [0;1mSELECT * FROM "users" WHERE (LOWER("users".email) = 'lisa@linowes.com') LIMIT 1[0m
Rendering template within layouts/application
Rendering user_sessions/new
Completed in 239ms (View: 15, DB: 0) | 200 OK [http://localhost/user_sessions]


Processing UserSessionsController#create (for 127.0.0.1 at 2009-08-23 12:44:55) [POST]
  Parameters: {"commit"=>"Log in", "user_session"=>{"password"=>"[FILTERED]", "email"=>"lisa@linowes.com"}, "action"=>"create", "authenticity_token"=>"MsVsiNhT70Cy+BScJzrcSVq9mygcKk2ceCAJjPtXLPg=", "controller"=>"user_sessions"}
  [4;36;1mUser Load (0.3ms)[0m   [0;1mSELECT * FROM "users" WHERE (LOWER("users".email) = 'lisa@linowes.com') LIMIT 1[0m
Rendering template within layouts/application
Rendering user_sessions/new
Completed in 236ms (View: 15, DB: 0) | 200 OK [http://localhost/user_sessions]


Processing UserSessionsController#create (for 127.0.0.1 at 2009-08-23 12:45:18) [POST]
  Parameters: {"commit"=>"Log in", "user_session"=>{"password"=>"[FILTERED]", "email"=>"lisa@linowes.com"}, "action"=>"create", "authenticity_token"=>"MsVsiNhT70Cy+BScJzrcSVq9mygcKk2ceCAJjPtXLPg=", "controller"=>"user_sessions"}
  [4;36;1mUser Load (0.3ms)[0m   [0;1mSELECT * FROM "users" WHERE (LOWER("users".email) = 'lisa@linowes.com') LIMIT 1[0m
Rendering template within layouts/application
Rendering user_sessions/new
Completed in 236ms (View: 15, DB: 0) | 200 OK [http://localhost/user_sessions]


Processing UserSessionsController#create (for 127.0.0.1 at 2009-08-23 12:45:20) [POST]
  Parameters: {"commit"=>"Log in", "user_session"=>{"password"=>"[FILTERED]", "email"=>"lisa@linowes.com"}, "action"=>"create", "authenticity_token"=>"MsVsiNhT70Cy+BScJzrcSVq9mygcKk2ceCAJjPtXLPg=", "controller"=>"user_sessions"}
Rendering template within layouts/application
Rendering user_sessions/new
Completed in 22ms (View: 5, DB: 0) | 200 OK [http://localhost/user_sessions]


Processing UserSessionsController#create (for 127.0.0.1 at 2009-08-23 12:45:24) [POST]
  Parameters: {"commit"=>"Log in", "user_session"=>{"password"=>"[FILTERED]", "email"=>"lisa@linowes.com"}, "action"=>"create", "authenticity_token"=>"MsVsiNhT70Cy+BScJzrcSVq9mygcKk2ceCAJjPtXLPg=", "controller"=>"user_sessions"}
  [4;35;1mUser Load (0.3ms)[0m   [0mSELECT * FROM "users" WHERE (LOWER("users".email) = 'lisa@linowes.com') LIMIT 1[0m
Rendering template within layouts/application
Rendering user_sessions/new
Completed in 27ms (View: 5, DB: 0) | 200 OK [http://localhost/user_sessions]


Processing UserSessionsController#create (for 127.0.0.1 at 2009-08-23 12:46:12) [POST]
  Parameters: {"commit"=>"Log in", "user_session"=>{"password"=>"[FILTERED]", "email"=>"lisa@linowes.com"}, "action"=>"create", "authenticity_token"=>"MsVsiNhT70Cy+BScJzrcSVq9mygcKk2ceCAJjPtXLPg=", "controller"=>"user_sessions"}
  [4;36;1mUser Load (0.3ms)[0m   [0;1mSELECT * FROM "users" WHERE (LOWER("users".email) = 'lisa@linowes.com') LIMIT 1[0m
Rendering template within layouts/application
Rendering user_sessions/new
Completed in 237ms (View: 15, DB: 0) | 200 OK [http://localhost/user_sessions]


Processing UserSessionsController#create (for 127.0.0.1 at 2009-08-23 12:46:14) [POST]
  Parameters: {"commit"=>"Log in", "user_session"=>{"password"=>"[FILTERED]", "email"=>"lisa@linowes.com"}, "action"=>"create", "authenticity_token"=>"MsVsiNhT70Cy+BScJzrcSVq9mygcKk2ceCAJjPtXLPg=", "controller"=>"user_sessions"}
Rendering template within layouts/application
Rendering user_sessions/new
Completed in 23ms (View: 5, DB: 0) | 200 OK [http://localhost/user_sessions]


Processing UserSessionsController#create (for 127.0.0.1 at 2009-08-23 12:46:15) [POST]
  Parameters: {"commit"=>"Log in", "user_session"=>{"password"=>"[FILTERED]", "email"=>"lisa@linowes.com"}, "action"=>"create", "authenticity_token"=>"MsVsiNhT70Cy+BScJzrcSVq9mygcKk2ceCAJjPtXLPg=", "controller"=>"user_sessions"}
Rendering template within layouts/application
Rendering user_sessions/new
Completed in 23ms (View: 5, DB: 0) | 200 OK [http://localhost/user_sessions]


Processing UserSessionsController#create (for 127.0.0.1 at 2009-08-23 12:46:46) [POST]
  Parameters: {"commit"=>"Log in", "user_session"=>{"password"=>"[FILTERED]", "email"=>"lisa@linowes.com"}, "action"=>"create", "authenticity_token"=>"MsVsiNhT70Cy+BScJzrcSVq9mygcKk2ceCAJjPtXLPg=", "controller"=>"user_sessions"}
  [4;35;1mUser Load (0.4ms)[0m   [0mSELECT * FROM "users" WHERE (LOWER("users".email) = 'lisa@linowes.com') LIMIT 1[0m
Rendering template within layouts/application
Rendering user_sessions/new
Completed in 28ms (View: 5, DB: 0) | 200 OK [http://localhost/user_sessions]


Processing UserSessionsController#create (for 127.0.0.1 at 2009-08-23 12:50:09) [POST]
  Parameters: {"commit"=>"Log in", "user_session"=>{"password"=>"[FILTERED]", "email"=>"lisa@linowes.com"}, "action"=>"create", "authenticity_token"=>"MsVsiNhT70Cy+BScJzrcSVq9mygcKk2ceCAJjPtXLPg=", "controller"=>"user_sessions"}
  [4;36;1mUser Load (0.3ms)[0m   [0;1mSELECT * FROM "users" WHERE (LOWER("users".email) = 'lisa@linowes.com') LIMIT 1[0m
Rendering template within layouts/application
Rendering user_sessions/new
Completed in 27ms (View: 5, DB: 0) | 200 OK [http://localhost/user_sessions]


Processing UserSessionsController#create (for 127.0.0.1 at 2009-08-23 12:50:30) [POST]
  Parameters: {"commit"=>"Log in", "user_session"=>{"password"=>"[FILTERED]", "email"=>"lisa@linowes.com"}, "action"=>"create", "authenticity_token"=>"MsVsiNhT70Cy+BScJzrcSVq9mygcKk2ceCAJjPtXLPg=", "controller"=>"user_sessions"}
  [4;36;1mUser Load (0.3ms)[0m   [0;1mSELECT * FROM "users" WHERE (LOWER("users".email) = 'lisa@linowes.com') LIMIT 1[0m
Rendering template within layouts/application
Rendering user_sessions/new
Completed in 240ms (View: 16, DB: 0) | 200 OK [http://localhost/user_sessions]


Processing UserSessionsController#create (for 127.0.0.1 at 2009-08-23 12:50:33) [POST]
  Parameters: {"commit"=>"Log in", "user_session"=>{"password"=>"[FILTERED]", "email"=>"lisa@linowes.com"}, "action"=>"create", "authenticity_token"=>"MsVsiNhT70Cy+BScJzrcSVq9mygcKk2ceCAJjPtXLPg=", "controller"=>"user_sessions"}
Rendering template within layouts/application
Rendering user_sessions/new
Completed in 23ms (View: 5, DB: 0) | 200 OK [http://localhost/user_sessions]


Processing UserSessionsController#create (for 127.0.0.1 at 2009-08-23 12:50:36) [POST]
  Parameters: {"commit"=>"Log in", "user_session"=>{"password"=>"[FILTERED]", "email"=>"lisa@linowes.com"}, "action"=>"create", "authenticity_token"=>"MsVsiNhT70Cy+BScJzrcSVq9mygcKk2ceCAJjPtXLPg=", "controller"=>"user_sessions"}
  [4;35;1mUser Load (0.3ms)[0m   [0mSELECT * FROM "users" WHERE (LOWER("users".email) = 'lisa@linowes.com') LIMIT 1[0m
Rendering template within layouts/application
Rendering user_sessions/new
Completed in 27ms (View: 5, DB: 0) | 200 OK [http://localhost/user_sessions]


Processing UsersController#new (for 127.0.0.1 at 2009-08-23 12:57:14) [GET]
  Parameters: {"action"=>"new", "controller"=>"users"}
Rendering template within layouts/application
Rendering users/new
Completed in 35ms (View: 19, DB: 0) | 200 OK [http://localhost/signup]


Processing UsersController#create (for 127.0.0.1 at 2009-08-23 12:57:25) [POST]
  Parameters: {"commit"=>"Sign up", "action"=>"create", "authenticity_token"=>"MsVsiNhT70Cy+BScJzrcSVq9mygcKk2ceCAJjPtXLPg=", "controller"=>"users", "user"=>{"password_confirmation"=>"[FILTERED]", "password"=>"[FILTERED]", "email"=>"lisa@linowes.com"}}
  [4;36;1mUser Exists (0.3ms)[0m   [0;1mSELECT "users".id FROM "users" WHERE (LOWER("users"."email") = 'lisa@linowes.com') LIMIT 1[0m
  [4;35;1mUser Exists (0.2ms)[0m   [0mSELECT "users".id FROM "users" WHERE ("users"."persistence_token" = 'f22c539873af8f3ebfd6e7689d68dc72560e586d76859ec8b7c8f8194e35a235664e08a4a374ae04c1457a08d6da60b0d31b2bbf6e887a6eaa3ea69e7edac877') LIMIT 1[0m
  [4;36;1mUser Create (0.7ms)[0m   [0;1mINSERT INTO "users" ("created_at", "crypted_password", "updated_at", "password_salt", "is_admin", "persistence_token", "email") VALUES('2009-08-23 16:57:25', '0a5a698efce3bd0b4c72834115aad827b813279db3a18485a8115c6f8e820eead6f7331a9490a923ae6235f6f0514858cf2a06f9865b9d01278e66595e82283e', '2009-08-23 16:57:25', 'eSG0Z0-5NGIrJxxZIbia', NULL, 'f22c539873af8f3ebfd6e7689d68dc72560e586d76859ec8b7c8f8194e35a235664e08a4a374ae04c1457a08d6da60b0d31b2bbf6e887a6eaa3ea69e7edac877', 'lisa@linowes.com')[0m
Redirected to http://localhost:3000/
Completed in 39ms (DB: 1) | 302 Found [http://localhost/users]


Processing InfosController#welcome (for 127.0.0.1 at 2009-08-23 12:57:25) [GET]
  Parameters: {"action"=>"welcome", "controller"=>"infos"}
Rendering template within layouts/application
Rendering infos/welcome
  [4;35;1mUser Load (0.6ms)[0m   [0mSELECT * FROM "users" WHERE ("users"."persistence_token" = 'f22c539873af8f3ebfd6e7689d68dc72560e586d76859ec8b7c8f8194e35a235664e08a4a374ae04c1457a08d6da60b0d31b2bbf6e887a6eaa3ea69e7edac877') LIMIT 1[0m
Completed in 63ms (View: 59, DB: 1) | 200 OK [http://localhost/]


Processing InfosController#index (for 127.0.0.1 at 2009-08-23 12:57:30) [GET]
  Parameters: {"action"=>"index", "controller"=>"infos"}
  [4;36;1mUser Load (0.5ms)[0m   [0;1mSELECT * FROM "users" WHERE ("users"."persistence_token" = 'f22c539873af8f3ebfd6e7689d68dc72560e586d76859ec8b7c8f8194e35a235664e08a4a374ae04c1457a08d6da60b0d31b2bbf6e887a6eaa3ea69e7edac877') LIMIT 1[0m
  [4;35;1mInfo Load (0.4ms)[0m   [0mSELECT * FROM "infos" [0m
Rendering template within layouts/application
Rendering infos/index
Completed in 39ms (View: 11, DB: 1) | 200 OK [http://localhost/infos]


Processing UserSessionsController#destroy (for 127.0.0.1 at 2009-08-23 12:57:34) [GET]
  Parameters: {"action"=>"destroy", "controller"=>"user_sessions"}
  [4;36;1mUser Load (0.6ms)[0m   [0;1mSELECT * FROM "users" WHERE ("users"."persistence_token" = 'f22c539873af8f3ebfd6e7689d68dc72560e586d76859ec8b7c8f8194e35a235664e08a4a374ae04c1457a08d6da60b0d31b2bbf6e887a6eaa3ea69e7edac877') LIMIT 1[0m
Redirected to http://localhost:3000/
Completed in 25ms (DB: 1) | 302 Found [http://localhost/logout]


Processing InfosController#welcome (for 127.0.0.1 at 2009-08-23 12:57:34) [GET]
  Parameters: {"action"=>"welcome", "controller"=>"infos"}
Rendering template within layouts/application
Rendering infos/welcome
Completed in 32ms (View: 28, DB: 0) | 200 OK [http://localhost/]


Processing UserSessionsController#new (for 127.0.0.1 at 2009-08-23 12:57:36) [GET]
  Parameters: {"action"=>"new", "controller"=>"user_sessions"}
Rendering template within layouts/application
Rendering user_sessions/new
Completed in 24ms (View: 5, DB: 0) | 200 OK [http://localhost/login]


Processing UserSessionsController#create (for 127.0.0.1 at 2009-08-23 12:57:40) [POST]
  Parameters: {"commit"=>"Log in", "user_session"=>{"password"=>"[FILTERED]", "email"=>"jonathan@linowes.com"}, "action"=>"create", "authenticity_token"=>"MsVsiNhT70Cy+BScJzrcSVq9mygcKk2ceCAJjPtXLPg=", "controller"=>"user_sessions"}
  [4;35;1mUser Load (0.6ms)[0m   [0mSELECT * FROM "users" WHERE (LOWER("users".email) = 'jonathan@linowes.com') LIMIT 1[0m
Redirected to http://localhost:3000/
Completed in 27ms (DB: 1) | 302 Found [http://localhost/user_sessions]


Processing InfosController#welcome (for 127.0.0.1 at 2009-08-23 12:57:40) [GET]
  Parameters: {"action"=>"welcome", "controller"=>"infos"}
Rendering template within layouts/application
Rendering infos/welcome
  [4;36;1mUser Load (0.6ms)[0m   [0;1mSELECT * FROM "users" WHERE ("users"."id" = '1') LIMIT 1[0m
Completed in 29ms (View: 26, DB: 1) | 200 OK [http://localhost/]


Processing UsersController#index (for 127.0.0.1 at 2009-08-23 12:57:42) [GET]
  Parameters: {"action"=>"index", "controller"=>"users"}
  [4;35;1mUser Load (0.5ms)[0m   [0mSELECT * FROM "users" WHERE ("users"."id" = '1') LIMIT 1[0m
  [4;36;1mUser Load (0.6ms)[0m   [0;1mSELECT * FROM "users" [0m
Rendering template within layouts/application
Rendering users/index
Completed in 30ms (View: 7, DB: 1) | 200 OK [http://localhost/users]


Processing InfosController#edit (for 127.0.0.1 at 2009-08-23 12:57:45) [GET]
  Parameters: {"action"=>"edit", "id"=>"2", "controller"=>"infos"}
  [4;35;1mUser Load (0.5ms)[0m   [0mSELECT * FROM "users" WHERE ("users"."id" = '1') LIMIT 1[0m
  [4;36;1mInfo Load (0.2ms)[0m   [0;1mSELECT * FROM "infos" WHERE ("infos"."id" = 2) [0m

ActiveRecord::RecordNotFound (Couldn't find Info with ID=2):
  app/controllers/infos_controller.rb:30:in `edit'

Rendered rescues/_trace (60.7ms)
Rendered rescues/_request_and_response (1.8ms)
Rendering rescues/layout (not_found)


Processing UsersController#index (for 127.0.0.1 at 2009-08-23 12:58:32) [GET]
  Parameters: {"action"=>"index", "controller"=>"users"}
  [4;35;1mUser Load (0.5ms)[0m   [0mSELECT * FROM "users" WHERE ("users"."id" = '1') LIMIT 1[0m
  [4;36;1mUser Load (0.6ms)[0m   [0;1mSELECT * FROM "users" [0m
Rendering template within layouts/application
Rendering users/index
Completed in 137ms (View: 8, DB: 1) | 200 OK [http://localhost/users]


Processing UsersController#edit (for 127.0.0.1 at 2009-08-23 12:58:35) [GET]
  Parameters: {"action"=>"edit", "id"=>"2", "controller"=>"users"}
  [4;35;1mUser Load (0.5ms)[0m   [0mSELECT * FROM "users" WHERE ("users"."id" = '1') LIMIT 1[0m

NameError (undefined local variable or method `is_admin' for #<UsersController:0x3485f28>):
  app/controllers/users_controller.rb:24:in `edit'

Rendered rescues/_trace (57.0ms)
Rendered rescues/_request_and_response (0.4ms)
Rendering rescues/layout (internal_server_error)


Processing UsersController#edit (for 127.0.0.1 at 2009-08-23 12:59:22) [GET]
  Parameters: {"action"=>"edit", "id"=>"2", "controller"=>"users"}
  [4;36;1mUser Load (0.5ms)[0m   [0;1mSELECT * FROM "users" WHERE ("users"."id" = '1') LIMIT 1[0m
  [4;35;1mUser Load (0.5ms)[0m   [0mSELECT * FROM "users" WHERE ("users"."id" = 2) [0m
Rendering template within layouts/application
Rendering users/edit
Completed in 31ms (View: 9, DB: 1) | 200 OK [http://localhost/users/2/edit]


Processing InfosController#welcome (for 127.0.0.1 at 2009-08-23 12:59:31) [GET]
  Parameters: {"action"=>"welcome", "controller"=>"infos"}
Rendering template within layouts/application
Rendering infos/welcome
  [4;36;1mUser Load (0.5ms)[0m   [0;1mSELECT * FROM "users" WHERE ("users"."id" = '1') LIMIT 1[0m
Completed in 24ms (View: 21, DB: 1) | 200 OK [http://localhost/]


Processing UsersController#index (for 127.0.0.1 at 2009-08-23 12:59:34) [GET]
  Parameters: {"action"=>"index", "controller"=>"users"}
  [4;35;1mUser Load (0.5ms)[0m   [0mSELECT * FROM "users" WHERE ("users"."id" = '1') LIMIT 1[0m
  [4;36;1mUser Load (0.6ms)[0m   [0;1mSELECT * FROM "users" [0m
Rendering template within layouts/application
Rendering users/index
Completed in 26ms (View: 3, DB: 1) | 200 OK [http://localhost/users]


Processing UsersController#edit (for 127.0.0.1 at 2009-08-23 12:59:40) [GET]
  Parameters: {"action"=>"edit", "id"=>"2", "controller"=>"users"}
  [4;35;1mUser Load (0.6ms)[0m   [0mSELECT * FROM "users" WHERE ("users"."id" = '1') LIMIT 1[0m
  [4;36;1mUser Load (0.5ms)[0m   [0;1mSELECT * FROM "users" WHERE ("users"."id" = 2) [0m
Rendering template within layouts/application
Rendering users/edit
Completed in 28ms (View: 4, DB: 1) | 200 OK [http://localhost/users/2/edit]


Processing InfosController#welcome (for 127.0.0.1 at 2009-08-23 12:59:42) [GET]
  Parameters: {"action"=>"welcome", "controller"=>"infos"}
Rendering template within layouts/application
Rendering infos/welcome
  [4;35;1mUser Load (0.6ms)[0m   [0mSELECT * FROM "users" WHERE ("users"."id" = '1') LIMIT 1[0m
Completed in 25ms (View: 21, DB: 1) | 200 OK [http://localhost/]
